have_header: checking for unistd.h... -------------------- yes

"/usr/bin/gcc -o conftest -I/Users/ietsuka0265/.rbenv/versions/2.5.7/include/ruby-2.5.0/x86_64-darwin19 -I/Users/ietsuka0265/.rbenv/versions/2.5.7/include/ruby-2.5.0/ruby/backward -I/Users/ietsuka0265/.rbenv/versions/2.5.7/include/ruby-2.5.0 -I. -I/Users/ietsuka0265/.rbenv/versions/2.5.7/include  -D_XOPEN_SOURCE -D_DARWIN_C_SOURCE -D_DARWIN_UNLIMITED_SELECT -D_REENTRANT   -O3 -ggdb3 -Wall -Wextra -Wno-unused-parameter -Wno-parentheses -Wno-long-long -Wno-missing-field-initializers -Wno-tautological-compare -Wno-parentheses-equality -Wno-constant-logical-operand -Wno-self-assign -Wunused-variable -Wimplicit-int -Wpointer-arith -Wwrite-strings -Wdeclaration-after-statement -Wshorten-64-to-32 -Wimplicit-function-declaration -Wdivision-by-zero -Wdeprecated-declarations -Wextra-tokens  -fno-common -pipe conftest.c  -L. -L/Users/ietsuka0265/.rbenv/versions/2.5.7/lib -L. -L/Users/ietsuka0265/.rbenv/versions/2.5.7/lib  -fstack-protector -L/usr/local/lib     -lruby.2.5.7  -lpthread -lgmp -ldl -lobjc "
checked program was:
/* begin */
1: #include "ruby.h"
2: 
3: int main(int argc, char **argv)
4: {
5:   return 0;
6: }
/* end */

"/usr/bin/gcc -E -I/Users/ietsuka0265/.rbenv/versions/2.5.7/include/ruby-2.5.0/x86_64-darwin19 -I/Users/ietsuka0265/.rbenv/versions/2.5.7/include/ruby-2.5.0/ruby/backward -I/Users/ietsuka0265/.rbenv/versions/2.5.7/include/ruby-2.5.0 -I. -I/Users/ietsuka0265/.rbenv/versions/2.5.7/include  -D_XOPEN_SOURCE -D_DARWIN_C_SOURCE -D_DARWIN_UNLIMITED_SELECT -D_REENTRANT   -O3 -ggdb3 -Wall -Wextra -Wno-unused-parameter -Wno-parentheses -Wno-long-long -Wno-missing-field-initializers -Wno-tautological-compare -Wno-parentheses-equality -Wno-constant-logical-operand -Wno-self-assign -Wunused-variable -Wimplicit-int -Wpointer-arith -Wwrite-strings -Wdeclaration-after-statement -Wshorten-64-to-32 -Wimplicit-function-declaration -Wdivision-by-zero -Wdeprecated-declarations -Wextra-tokens  -fno-common -pipe  conftest.c -o conftest.i"
checked program was:
/* begin */
1: #include "ruby.h"
2: 
3: #include <unistd.h>
/* end */

--------------------

have_header: checking for linux/aio_abi.h... -------------------- no

"/usr/bin/gcc -E -I/Users/ietsuka0265/.rbenv/versions/2.5.7/include/ruby-2.5.0/x86_64-darwin19 -I/Users/ietsuka0265/.rbenv/versions/2.5.7/include/ruby-2.5.0/ruby/backward -I/Users/ietsuka0265/.rbenv/versions/2.5.7/include/ruby-2.5.0 -I. -I/Users/ietsuka0265/.rbenv/versions/2.5.7/include  -D_XOPEN_SOURCE -D_DARWIN_C_SOURCE -D_DARWIN_UNLIMITED_SELECT -D_REENTRANT   -O3 -ggdb3 -Wall -Wextra -Wno-unused-parameter -Wno-parentheses -Wno-long-long -Wno-missing-field-initializers -Wno-tautological-compare -Wno-parentheses-equality -Wno-constant-logical-operand -Wno-self-assign -Wunused-variable -Wimplicit-int -Wpointer-arith -Wwrite-strings -Wdeclaration-after-statement -Wshorten-64-to-32 -Wimplicit-function-declaration -Wdivision-by-zero -Wdeprecated-declarations -Wextra-tokens  -fno-common -pipe  conftest.c -o conftest.i"
conftest.c:3:10: fatal error: 'linux/aio_abi.h' file not found
#include <linux/aio_abi.h>
         ^~~~~~~~~~~~~~~~~
1 error generated.
checked program was:
/* begin */
1: #include "ruby.h"
2: 
3: #include <linux/aio_abi.h>
/* end */

--------------------

have_header: checking for sys/select.h... -------------------- yes

"/usr/bin/gcc -E -I/Users/ietsuka0265/.rbenv/versions/2.5.7/include/ruby-2.5.0/x86_64-darwin19 -I/Users/ietsuka0265/.rbenv/versions/2.5.7/include/ruby-2.5.0/ruby/backward -I/Users/ietsuka0265/.rbenv/versions/2.5.7/include/ruby-2.5.0 -I. -I/Users/ietsuka0265/.rbenv/versions/2.5.7/include  -D_XOPEN_SOURCE -D_DARWIN_C_SOURCE -D_DARWIN_UNLIMITED_SELECT -D_REENTRANT   -O3 -ggdb3 -Wall -Wextra -Wno-unused-parameter -Wno-parentheses -Wno-long-long -Wno-missing-field-initializers -Wno-tautological-compare -Wno-parentheses-equality -Wno-constant-logical-operand -Wno-self-assign -Wunused-variable -Wimplicit-int -Wpointer-arith -Wwrite-strings -Wdeclaration-after-statement -Wshorten-64-to-32 -Wimplicit-function-declaration -Wdivision-by-zero -Wdeprecated-declarations -Wextra-tokens  -fno-common -pipe  conftest.c -o conftest.i"
checked program was:
/* begin */
1: #include "ruby.h"
2: 
3: #include <sys/select.h>
/* end */

--------------------

have_type: checking for port_event_t in poll.h... -------------------- no

"/usr/bin/gcc -I/Users/ietsuka0265/.rbenv/versions/2.5.7/include/ruby-2.5.0/x86_64-darwin19 -I/Users/ietsuka0265/.rbenv/versions/2.5.7/include/ruby-2.5.0/ruby/backward -I/Users/ietsuka0265/.rbenv/versions/2.5.7/include/ruby-2.5.0 -I. -I/Users/ietsuka0265/.rbenv/versions/2.5.7/include  -D_XOPEN_SOURCE -D_DARWIN_C_SOURCE -D_DARWIN_UNLIMITED_SELECT -D_REENTRANT   -O3 -ggdb3 -Wall -Wextra -Wno-unused-parameter -Wno-parentheses -Wno-long-long -Wno-missing-field-initializers -Wno-tautological-compare -Wno-parentheses-equality -Wno-constant-logical-operand -Wno-self-assign -Wunused-variable -Wimplicit-int -Wpointer-arith -Wwrite-strings -Wdeclaration-after-statement -Wshorten-64-to-32 -Wimplicit-function-declaration -Wdivision-by-zero -Wdeprecated-declarations -Wextra-tokens  -fno-common -pipe   -c conftest.c"
conftest.c:6:9: error: unknown type name 'port_event_t'
typedef port_event_t conftest_type;
        ^
1 error generated.
checked program was:
/* begin */
1: #include "ruby.h"
2: 
3: #include <poll.h>
4: 
5: /*top*/
6: typedef port_event_t conftest_type;
7: int conftestval[sizeof(conftest_type)?1:-1];
/* end */

--------------------

have_header: checking for sys/epoll.h... -------------------- no

"/usr/bin/gcc -E -I/Users/ietsuka0265/.rbenv/versions/2.5.7/include/ruby-2.5.0/x86_64-darwin19 -I/Users/ietsuka0265/.rbenv/versions/2.5.7/include/ruby-2.5.0/ruby/backward -I/Users/ietsuka0265/.rbenv/versions/2.5.7/include/ruby-2.5.0 -I. -I/Users/ietsuka0265/.rbenv/versions/2.5.7/include  -D_XOPEN_SOURCE -D_DARWIN_C_SOURCE -D_DARWIN_UNLIMITED_SELECT -D_REENTRANT   -O3 -ggdb3 -Wall -Wextra -Wno-unused-parameter -Wno-parentheses -Wno-long-long -Wno-missing-field-initializers -Wno-tautological-compare -Wno-parentheses-equality -Wno-constant-logical-operand -Wno-self-assign -Wunused-variable -Wimplicit-int -Wpointer-arith -Wwrite-strings -Wdeclaration-after-statement -Wshorten-64-to-32 -Wimplicit-function-declaration -Wdivision-by-zero -Wdeprecated-declarations -Wextra-tokens  -fno-common -pipe  conftest.c -o conftest.i"
conftest.c:3:10: fatal error: 'sys/epoll.h' file not found
#include <sys/epoll.h>
         ^~~~~~~~~~~~~
1 error generated.
checked program was:
/* begin */
1: #include "ruby.h"
2: 
3: #include <sys/epoll.h>
/* end */

--------------------

have_header: checking for sys/event.h... -------------------- yes

"/usr/bin/gcc -E -I/Users/ietsuka0265/.rbenv/versions/2.5.7/include/ruby-2.5.0/x86_64-darwin19 -I/Users/ietsuka0265/.rbenv/versions/2.5.7/include/ruby-2.5.0/ruby/backward -I/Users/ietsuka0265/.rbenv/versions/2.5.7/include/ruby-2.5.0 -I. -I/Users/ietsuka0265/.rbenv/versions/2.5.7/include  -D_XOPEN_SOURCE -D_DARWIN_C_SOURCE -D_DARWIN_UNLIMITED_SELECT -D_REENTRANT   -O3 -ggdb3 -Wall -Wextra -Wno-unused-parameter -Wno-parentheses -Wno-long-long -Wno-missing-field-initializers -Wno-tautological-compare -Wno-parentheses-equality -Wno-constant-logical-operand -Wno-self-assign -Wunused-variable -Wimplicit-int -Wpointer-arith -Wwrite-strings -Wdeclaration-after-statement -Wshorten-64-to-32 -Wimplicit-function-declaration -Wdivision-by-zero -Wdeprecated-declarations -Wextra-tokens  -fno-common -pipe  conftest.c -o conftest.i"
checked program was:
/* begin */
1: #include "ruby.h"
2: 
3: #include <sys/event.h>
/* end */

--------------------

have_header: checking for sys/queue.h... -------------------- yes

"/usr/bin/gcc -E -I/Users/ietsuka0265/.rbenv/versions/2.5.7/include/ruby-2.5.0/x86_64-darwin19 -I/Users/ietsuka0265/.rbenv/versions/2.5.7/include/ruby-2.5.0/ruby/backward -I/Users/ietsuka0265/.rbenv/versions/2.5.7/include/ruby-2.5.0 -I. -I/Users/ietsuka0265/.rbenv/versions/2.5.7/include  -D_XOPEN_SOURCE -D_DARWIN_C_SOURCE -D_DARWIN_UNLIMITED_SELECT -D_REENTRANT   -O3 -ggdb3 -Wall -Wextra -Wno-unused-parameter -Wno-parentheses -Wno-long-long -Wno-missing-field-initializers -Wno-tautological-compare -Wno-parentheses-equality -Wno-constant-logical-operand -Wno-self-assign -Wunused-variable -Wimplicit-int -Wpointer-arith -Wwrite-strings -Wdeclaration-after-statement -Wshorten-64-to-32 -Wimplicit-function-declaration -Wdivision-by-zero -Wdeprecated-declarations -Wextra-tokens  -fno-common -pipe  conftest.c -o conftest.i"
checked program was:
/* begin */
1: #include "ruby.h"
2: 
3: #include <sys/queue.h>
/* end */

--------------------

have_type: checking for port_event_t in port.h... -------------------- no

"/usr/bin/gcc -I/Users/ietsuka0265/.rbenv/versions/2.5.7/include/ruby-2.5.0/x86_64-darwin19 -I/Users/ietsuka0265/.rbenv/versions/2.5.7/include/ruby-2.5.0/ruby/backward -I/Users/ietsuka0265/.rbenv/versions/2.5.7/include/ruby-2.5.0 -I. -I/Users/ietsuka0265/.rbenv/versions/2.5.7/include  -D_XOPEN_SOURCE -D_DARWIN_C_SOURCE -D_DARWIN_UNLIMITED_SELECT -D_REENTRANT   -O3 -ggdb3 -Wall -Wextra -Wno-unused-parameter -Wno-parentheses -Wno-long-long -Wno-missing-field-initializers -Wno-tautological-compare -Wno-parentheses-equality -Wno-constant-logical-operand -Wno-self-assign -Wunused-variable -Wimplicit-int -Wpointer-arith -Wwrite-strings -Wdeclaration-after-statement -Wshorten-64-to-32 -Wimplicit-function-declaration -Wdivision-by-zero -Wdeprecated-declarations -Wextra-tokens  -fno-common -pipe   -c conftest.c"
In file included from conftest.c:3:
/usr/local/include/port.h:32:8: error: unknown type name 'bool'
extern bool pg_set_noblock(pgsocket sock);
       ^
/usr/local/include/port.h:33:8: error: unknown type name 'bool'
extern bool pg_set_block(pgsocket sock);
       ^
/usr/local/include/port.h:37:8: error: unknown type name 'bool'
extern bool has_drive_prefix(const char *filename);
       ^
/usr/local/include/port.h:46:8: error: unknown type name 'bool'
extern bool path_contains_parent_reference(const char *path);
       ^
/usr/local/include/port.h:47:8: error: unknown type name 'bool'
extern bool path_is_relative_and_below_cwd(const char *path);
       ^
/usr/local/include/port.h:48:8: error: unknown type name 'bool'
extern bool path_is_prefix_of_path(const char *path1, const char *path2);
       ^
/usr/local/include/port.h:62:8: error: unknown type name 'bool'
extern bool get_home_path(char *ret_path);
       ^
/usr/local/include/port.h:210:6: error: unknown type name 'bool'
                          bool echo);
                          ^
/usr/local/include/port.h:263:8: error: unknown type name 'bool'
extern bool rmtree(const char *path, bool rmtopdir);
       ^
/usr/local/include/port.h:263:38: error: unknown type name 'bool'
extern bool rmtree(const char *path, bool rmtopdir);
                                     ^
/usr/local/include/port.h:402:15: error: expected parameter declarator
extern size_t strlcat(char *dst, const char *src, size_t siz);
              ^
/Applications/Xcode.app/Contents/Developer/Platforms/MacOSX.platform/Developer/SDKs/MacOSX.sdk/usr/include/secure/_string.h:119:47: note: expanded from macro 'strlcat'
                __builtin___strlcat_chk (dest, __VA_ARGS__, __darwin_obsz (dest))
                                                            ^
/Applications/Xcode.app/Contents/Developer/Platforms/MacOSX.platform/Developer/SDKs/MacOSX.sdk/usr/include/secure/_common.h:39:62: note: expanded from macro '__darwin_obsz'
#define __darwin_obsz(object) __builtin_object_size (object, _USE_FORTIFY_LEVEL > 1 ? 1 : 0)
                                                             ^
/Applications/Xcode.app/Contents/Developer/Platforms/MacOSX.platform/Developer/SDKs/MacOSX.sdk/usr/include/secure/_common.h:30:32: note: expanded from macro '_USE_FORTIFY_LEVEL'
#    define _USE_FORTIFY_LEVEL 2
                               ^
In file included from conftest.c:3:
/usr/local/include/port.h:402:15: error: expected ')'
/Applications/Xcode.app/Contents/Developer/Platforms/MacOSX.platform/Developer/SDKs/MacOSX.sdk/usr/include/secure/_string.h:119:47: note: expanded from macro 'strlcat'
                __builtin___strlcat_chk (dest, __VA_ARGS__, __darwin_obsz (dest))
                                                            ^
/Applications/Xcode.app/Contents/Developer/Platforms/MacOSX.platform/Developer/SDKs/MacOSX.sdk/usr/include/secure/_common.h:39:62: note: expanded from macro '__darwin_obsz'
#define __darwin_obsz(object) __builtin_object_size (object, _USE_FORTIFY_LEVEL > 1 ? 1 : 0)
                                                             ^
/Applications/Xcode.app/Contents/Developer/Platforms/MacOSX.platform/Developer/SDKs/MacOSX.sdk/usr/include/secure/_common.h:30:32: note: expanded from macro '_USE_FORTIFY_LEVEL'
#    define _USE_FORTIFY_LEVEL 2
                               ^
/usr/local/include/port.h:402:15: note: to match this '('
/Applications/Xcode.app/Contents/Developer/Platforms/MacOSX.platform/Developer/SDKs/MacOSX.sdk/usr/include/secure/_string.h:119:47: note: expanded from macro 'strlcat'
                __builtin___strlcat_chk (dest, __VA_ARGS__, __darwin_obsz (dest))
                                                            ^
/Applications/Xcode.app/Contents/Developer/Platforms/MacOSX.platform/Developer/SDKs/MacOSX.sdk/usr/include/secure/_common.h:39:53: note: expanded from macro '__darwin_obsz'
#define __darwin_obsz(object) __builtin_object_size (object, _USE_FORTIFY_LEVEL > 1 ? 1 : 0)
                                                    ^
In file included from conftest.c:3:
/usr/local/include/port.h:402:15: warning: type specifier missing, defaults to 'int' [-Wimplicit-int]
extern size_t strlcat(char *dst, const char *src, size_t siz);
              ^
/Applications/Xcode.app/Contents/Developer/Platforms/MacOSX.platform/Developer/SDKs/MacOSX.sdk/usr/include/secure/_string.h:119:47: note: expanded from macro 'strlcat'
                __builtin___strlcat_chk (dest, __VA_ARGS__, __darwin_obsz (dest))
                                                            ^
/Applications/Xcode.app/Contents/Developer/Platforms/MacOSX.platform/Developer/SDKs/MacOSX.sdk/usr/include/secure/_common.h:39:31: note: expanded from macro '__darwin_obsz'
#define __darwin_obsz(object) __builtin_object_size (object, _USE_FORTIFY_LEVEL > 1 ? 1 : 0)
                              ^
In file included from conftest.c:3:
/usr/local/include/port.h:402:15: error: conflicting types for '__builtin___strlcat_chk'
/Applications/Xcode.app/Contents/Developer/Platforms/MacOSX.platform/Developer/SDKs/MacOSX.sdk/usr/include/secure/_string.h:119:3: note: expanded from macro 'strlcat'
                __builtin___strlcat_chk (dest, __VA_ARGS__, __darwin_obsz (dest))
                ^
/usr/local/include/port.h:402:15: note: '__builtin___strlcat_chk' is a builtin with type 'unsigned long (char *, const char *, unsigned long, unsigned long)'
/Applications/Xcode.app/Contents/Developer/Platforms/MacOSX.platform/Developer/SDKs/MacOSX.sdk/usr/include/secure/_string.h:119:3: note: expanded from macro 'strlcat'
                __builtin___strlcat_chk (dest, __VA_ARGS__, __darwin_obsz (dest))
                ^
In file included from conftest.c:3:
/usr/local/include/port.h:406:15: error: expected parameter declarator
extern size_t strlcpy(char *dst, const char *src, size_t siz);
              ^
/Applications/Xcode.app/Contents/Developer/Platforms/MacOSX.platform/Developer/SDKs/MacOSX.sdk/usr/include/secure/_string.h:112:47: note: expanded from macro 'strlcpy'
                __builtin___strlcpy_chk (dest, __VA_ARGS__, __darwin_obsz (dest))
                                                            ^
/Applications/Xcode.app/Contents/Developer/Platforms/MacOSX.platform/Developer/SDKs/MacOSX.sdk/usr/include/secure/_common.h:39:62: note: expanded from macro '__darwin_obsz'
#define __darwin_obsz(object) __builtin_object_size (object, _USE_FORTIFY_LEVEL > 1 ? 1 : 0)
                                                             ^
/Applications/Xcode.app/Contents/Developer/Platforms/MacOSX.platform/Developer/SDKs/MacOSX.sdk/usr/include/secure/_common.h:30:32: note: expanded from macro '_USE_FORTIFY_LEVEL'
#    define _USE_FORTIFY_LEVEL 2
                               ^
In file included from conftest.c:3:
/usr/local/include/port.h:406:15: error: expected ')'
/Applications/Xcode.app/Contents/Developer/Platforms/MacOSX.platform/Developer/SDKs/MacOSX.sdk/usr/include/secure/_string.h:112:47: note: expanded from macro 'strlcpy'
                __builtin___strlcpy_chk (dest, __VA_ARGS__, __darwin_obsz (dest))
                                                            ^
/Applications/Xcode.app/Contents/Developer/Platforms/MacOSX.platform/Developer/SDKs/MacOSX.sdk/usr/include/secure/_common.h:39:62: note: expanded from macro '__darwin_obsz'
#define __darwin_obsz(object) __builtin_object_size (object, _USE_FORTIFY_LEVEL > 1 ? 1 : 0)
                                                             ^
/Applications/Xcode.app/Contents/Developer/Platforms/MacOSX.platform/Developer/SDKs/MacOSX.sdk/usr/include/secure/_common.h:30:32: note: expanded from macro '_USE_FORTIFY_LEVEL'
#    define _USE_FORTIFY_LEVEL 2
                               ^
/usr/local/include/port.h:406:15: note: to match this '('
/Applications/Xcode.app/Contents/Developer/Platforms/MacOSX.platform/Developer/SDKs/MacOSX.sdk/usr/include/secure/_string.h:112:47: note: expanded from macro 'strlcpy'
                __builtin___strlcpy_chk (dest, __VA_ARGS__, __darwin_obsz (dest))
                                                            ^
/Applications/Xcode.app/Contents/Developer/Platforms/MacOSX.platform/Developer/SDKs/MacOSX.sdk/usr/include/secure/_common.h:39:53: note: expanded from macro '__darwin_obsz'
#define __darwin_obsz(object) __builtin_object_size (object, _USE_FORTIFY_LEVEL > 1 ? 1 : 0)
                                                    ^
In file included from conftest.c:3:
/usr/local/include/port.h:406:15: warning: type specifier missing, defaults to 'int' [-Wimplicit-int]
extern size_t strlcpy(char *dst, const char *src, size_t siz);
              ^
/Applications/Xcode.app/Contents/Developer/Platforms/MacOSX.platform/Developer/SDKs/MacOSX.sdk/usr/include/secure/_string.h:112:47: note: expanded from macro 'strlcpy'
                __builtin___strlcpy_chk (dest, __VA_ARGS__, __darwin_obsz (dest))
                                                            ^
/Applications/Xcode.app/Contents/Developer/Platforms/MacOSX.platform/Developer/SDKs/MacOSX.sdk/usr/include/secure/_common.h:39:31: note: expanded from macro '__darwin_obsz'
#define __darwin_obsz(object) __builtin_object_size (object, _USE_FORTIFY_LEVEL > 1 ? 1 : 0)
                              ^
In file included from conftest.c:3:
/usr/local/include/port.h:406:15: error: conflicting types for '__builtin___strlcpy_chk'
/Applications/Xcode.app/Contents/Developer/Platforms/MacOSX.platform/Developer/SDKs/MacOSX.sdk/usr/include/secure/_string.h:112:3: note: expanded from macro 'strlcpy'
                __builtin___strlcpy_chk (dest, __VA_ARGS__, __darwin_obsz (dest))
                ^
/usr/local/include/port.h:406:15: note: '__builtin___strlcpy_chk' is a builtin with type 'unsigned long (char *, const char *, unsigned long, unsigned long)'
/Applications/Xcode.app/Contents/Developer/Platforms/MacOSX.platform/Developer/SDKs/MacOSX.sdk/usr/include/secure/_string.h:112:3: note: expanded from macro 'strlcpy'
                __builtin___strlcpy_chk (dest, __VA_ARGS__, __darwin_obsz (dest))
                ^
In file included from conftest.c:3:
/usr/local/include/port.h:451:59: error: unknown type name 'bool'
extern int      pg_get_encoding_from_locale(const char *ctype, bool write_message);
                                                               ^
conftest.c:6:9: error: unknown type name 'port_event_t'
typedef port_event_t conftest_type;
        ^
2 warnings and 18 errors generated.
checked program was:
/* begin */
1: #include "ruby.h"
2: 
3: #include <port.h>
4: 
5: /*top*/
6: typedef port_event_t conftest_type;
7: int conftestval[sizeof(conftest_type)?1:-1];
/* end */

--------------------

have_header: checking for sys/resource.h... -------------------- yes

"/usr/bin/gcc -E -I/Users/ietsuka0265/.rbenv/versions/2.5.7/include/ruby-2.5.0/x86_64-darwin19 -I/Users/ietsuka0265/.rbenv/versions/2.5.7/include/ruby-2.5.0/ruby/backward -I/Users/ietsuka0265/.rbenv/versions/2.5.7/include/ruby-2.5.0 -I. -I/Users/ietsuka0265/.rbenv/versions/2.5.7/include  -D_XOPEN_SOURCE -D_DARWIN_C_SOURCE -D_DARWIN_UNLIMITED_SELECT -D_REENTRANT   -O3 -ggdb3 -Wall -Wextra -Wno-unused-parameter -Wno-parentheses -Wno-long-long -Wno-missing-field-initializers -Wno-tautological-compare -Wno-parentheses-equality -Wno-constant-logical-operand -Wno-self-assign -Wunused-variable -Wimplicit-int -Wpointer-arith -Wwrite-strings -Wdeclaration-after-statement -Wshorten-64-to-32 -Wimplicit-function-declaration -Wdivision-by-zero -Wdeprecated-declarations -Wextra-tokens  -fno-common -pipe  conftest.c -o conftest.i"
checked program was:
/* begin */
1: #include "ruby.h"
2: 
3: #include <sys/resource.h>
/* end */

--------------------

